Determining if the pthread_create exist failed with the following output:
Change Dir: /home/lsa/workspace3/build/CMakeFiles/CMakeTmp

Run Build Command:"/usr/bin/make" "cmTC_a5eef/fast"
/usr/bin/make -f CMakeFiles/cmTC_a5eef.dir/build.make CMakeFiles/cmTC_a5eef.dir/build
make[1]: Entering directory '/home/lsa/workspace3/build/CMakeFiles/CMakeTmp'
Building C object CMakeFiles/cmTC_a5eef.dir/CheckSymbolExists.c.o
/usr/bin/cc     -o CMakeFiles/cmTC_a5eef.dir/CheckSymbolExists.c.o   -c /home/lsa/workspace3/build/CMakeFiles/CMakeTmp/CheckSymbolExists.c
Linking C executable cmTC_a5eef
/usr/bin/cmake -E cmake_link_script CMakeFiles/cmTC_a5eef.dir/link.txt --verbose=1
/usr/bin/cc       CMakeFiles/cmTC_a5eef.dir/CheckSymbolExists.c.o  -o cmTC_a5eef -rdynamic 
CMakeFiles/cmTC_a5eef.dir/CheckSymbolExists.c.o: In function `main':
CheckSymbolExists.c:(.text+0x16): undefined reference to `pthread_create'
collect2: error: ld returned 1 exit status
CMakeFiles/cmTC_a5eef.dir/build.make:97: recipe for target 'cmTC_a5eef' failed
make[1]: *** [cmTC_a5eef] Error 1
make[1]: Leaving directory '/home/lsa/workspace3/build/CMakeFiles/CMakeTmp'
Makefile:126: recipe for target 'cmTC_a5eef/fast' failed
make: *** [cmTC_a5eef/fast] Error 2

File /home/lsa/workspace3/build/CMakeFiles/CMakeTmp/CheckSymbolExists.c:
/* */
#include <pthread.h>

int main(int argc, char** argv)
{
  (void)argv;
#ifndef pthread_create
  return ((int*)(&pthread_create))[argc];
#else
  (void)argc;
  return 0;
#endif
}

Determining if the function pthread_create exists in the pthreads failed with the following output:
Change Dir: /home/lsa/workspace3/build/CMakeFiles/CMakeTmp

Run Build Command:"/usr/bin/make" "cmTC_f1e9b/fast"
/usr/bin/make -f CMakeFiles/cmTC_f1e9b.dir/build.make CMakeFiles/cmTC_f1e9b.dir/build
make[1]: Entering directory '/home/lsa/workspace3/build/CMakeFiles/CMakeTmp'
Building C object CMakeFiles/cmTC_f1e9b.dir/CheckFunctionExists.c.o
/usr/bin/cc    -DCHECK_FUNCTION_EXISTS=pthread_create   -o CMakeFiles/cmTC_f1e9b.dir/CheckFunctionExists.c.o   -c /usr/share/cmake-3.5/Modules/CheckFunctionExists.c
Linking C executable cmTC_f1e9b
/usr/bin/cmake -E cmake_link_script CMakeFiles/cmTC_f1e9b.dir/link.txt --verbose=1
/usr/bin/cc   -DCHECK_FUNCTION_EXISTS=pthread_create    CMakeFiles/cmTC_f1e9b.dir/CheckFunctionExists.c.o  -o cmTC_f1e9b -rdynamic -lpthreads 
/usr/bin/ld: cannot find -lpthreads
collect2: error: ld returned 1 exit status
CMakeFiles/cmTC_f1e9b.dir/build.make:97: recipe for target 'cmTC_f1e9b' failed
make[1]: *** [cmTC_f1e9b] Error 1
make[1]: Leaving directory '/home/lsa/workspace3/build/CMakeFiles/CMakeTmp'
Makefile:126: recipe for target 'cmTC_f1e9b/fast' failed
make: *** [cmTC_f1e9b/fast] Error 2


